2014-09-23 13:21:57,355 [Recommenders-Timeout-Manager] ERROR o.e.r.i.rcp.JavaElementSelections - Failed to resolve selection in '=Epila/src<Main{Handler.java' at offset 46
org.eclipse.jdt.core.JavaModelException: Index out of bounds
	at org.eclipse.jdt.internal.core.Openable.codeSelect(Openable.java:158) ~[org.eclipse.jdt.core_3.10.0.v20140604-1726.jar:na]
	at org.eclipse.jdt.internal.core.CompilationUnit.codeSelect(CompilationUnit.java:377) ~[org.eclipse.jdt.core_3.10.0.v20140604-1726.jar:na]
	at org.eclipse.jdt.internal.core.CompilationUnit.codeSelect(CompilationUnit.java:371) ~[org.eclipse.jdt.core_3.10.0.v20140604-1726.jar:na]
	at org.eclipse.recommenders.internal.rcp.JavaElementSelections.resolveJavaElementFromTypeRootInEditor(JavaElementSelections.java:146) [org.eclipse.recommenders.rcp_2.1.0.v20140610-1852.jar:na]
	at org.eclipse.recommenders.internal.rcp.JavaElementSelections.resolveJavaElementFromEditor(JavaElementSelections.java:128) [org.eclipse.recommenders.rcp_2.1.0.v20140610-1852.jar:na]
	at org.eclipse.recommenders.internal.rcp.JavaElementSelections.resolveJavaElementFromEditor(JavaElementSelections.java:111) [org.eclipse.recommenders.rcp_2.1.0.v20140610-1852.jar:na]
	at org.eclipse.recommenders.internal.rcp.JavaElementSelectionService.handleSelectionInEditor(JavaElementSelectionService.java:108) [org.eclipse.recommenders.rcp_2.1.0.v20140610-1852.jar:na]
	at org.eclipse.recommenders.internal.rcp.JavaElementSelectionService.access$1(JavaElementSelectionService.java:105) [org.eclipse.recommenders.rcp_2.1.0.v20140610-1852.jar:na]
	at org.eclipse.recommenders.internal.rcp.JavaElementSelectionService$1.run(JavaElementSelectionService.java:82) [org.eclipse.recommenders.rcp_2.1.0.v20140610-1852.jar:na]
	at java.util.concurrent.Executors$RunnableAdapter.call(Unknown Source) [na:1.7.0_65]
	at java.util.concurrent.FutureTask.run(Unknown Source) [na:1.7.0_65]
	at java.util.concurrent.ScheduledThreadPoolExecutor$ScheduledFutureTask.access$201(Unknown Source) [na:1.7.0_65]
	at java.util.concurrent.ScheduledThreadPoolExecutor$ScheduledFutureTask.run(Unknown Source) [na:1.7.0_65]
	at java.util.concurrent.ThreadPoolExecutor.runWorker(Unknown Source) [na:1.7.0_65]
	at java.util.concurrent.ThreadPoolExecutor$Worker.run(Unknown Source) [na:1.7.0_65]
	at java.lang.Thread.run(Unknown Source) [na:1.7.0_65]
2014-09-23 14:11:19,773 [Recommenders-Timeout-Manager] ERROR o.e.r.i.rcp.JavaElementSelections - Failed to resolve selection in '=Epila/src<Main{Player.java' at offset 45
org.eclipse.jdt.core.JavaModelException: Index out of bounds
	at org.eclipse.jdt.internal.core.Openable.codeSelect(Openable.java:158) ~[org.eclipse.jdt.core_3.10.0.v20140604-1726.jar:na]
	at org.eclipse.jdt.internal.core.CompilationUnit.codeSelect(CompilationUnit.java:377) ~[org.eclipse.jdt.core_3.10.0.v20140604-1726.jar:na]
	at org.eclipse.jdt.internal.core.CompilationUnit.codeSelect(CompilationUnit.java:371) ~[org.eclipse.jdt.core_3.10.0.v20140604-1726.jar:na]
	at org.eclipse.recommenders.internal.rcp.JavaElementSelections.resolveJavaElementFromTypeRootInEditor(JavaElementSelections.java:146) [org.eclipse.recommenders.rcp_2.1.0.v20140610-1852.jar:na]
	at org.eclipse.recommenders.internal.rcp.JavaElementSelections.resolveJavaElementFromEditor(JavaElementSelections.java:128) [org.eclipse.recommenders.rcp_2.1.0.v20140610-1852.jar:na]
	at org.eclipse.recommenders.internal.rcp.JavaElementSelections.resolveJavaElementFromEditor(JavaElementSelections.java:111) [org.eclipse.recommenders.rcp_2.1.0.v20140610-1852.jar:na]
	at org.eclipse.recommenders.internal.rcp.JavaElementSelectionService.handleSelectionInEditor(JavaElementSelectionService.java:108) [org.eclipse.recommenders.rcp_2.1.0.v20140610-1852.jar:na]
	at org.eclipse.recommenders.internal.rcp.JavaElementSelectionService.access$1(JavaElementSelectionService.java:105) [org.eclipse.recommenders.rcp_2.1.0.v20140610-1852.jar:na]
	at org.eclipse.recommenders.internal.rcp.JavaElementSelectionService$1.run(JavaElementSelectionService.java:82) [org.eclipse.recommenders.rcp_2.1.0.v20140610-1852.jar:na]
	at java.util.concurrent.Executors$RunnableAdapter.call(Unknown Source) [na:1.7.0_65]
	at java.util.concurrent.FutureTask.run(Unknown Source) [na:1.7.0_65]
	at java.util.concurrent.ScheduledThreadPoolExecutor$ScheduledFutureTask.access$201(Unknown Source) [na:1.7.0_65]
	at java.util.concurrent.ScheduledThreadPoolExecutor$ScheduledFutureTask.run(Unknown Source) [na:1.7.0_65]
	at java.util.concurrent.ThreadPoolExecutor.runWorker(Unknown Source) [na:1.7.0_65]
	at java.util.concurrent.ThreadPoolExecutor$Worker.run(Unknown Source) [na:1.7.0_65]
	at java.lang.Thread.run(Unknown Source) [na:1.7.0_65]
2014-09-23 20:25:48,273 [Recommenders-Timeout-Manager] ERROR o.e.r.i.rcp.JavaElementSelections - Failed to resolve selection in '=Astroids Evolved/src<Main{KeyHandler.java' at offset 49
org.eclipse.jdt.core.JavaModelException: Index out of bounds
	at org.eclipse.jdt.internal.core.Openable.codeSelect(Openable.java:158) ~[org.eclipse.jdt.core_3.10.0.v20140604-1726.jar:na]
	at org.eclipse.jdt.internal.core.CompilationUnit.codeSelect(CompilationUnit.java:377) ~[org.eclipse.jdt.core_3.10.0.v20140604-1726.jar:na]
	at org.eclipse.jdt.internal.core.CompilationUnit.codeSelect(CompilationUnit.java:371) ~[org.eclipse.jdt.core_3.10.0.v20140604-1726.jar:na]
	at org.eclipse.recommenders.internal.rcp.JavaElementSelections.resolveJavaElementFromTypeRootInEditor(JavaElementSelections.java:146) [org.eclipse.recommenders.rcp_2.1.0.v20140610-1852.jar:na]
	at org.eclipse.recommenders.internal.rcp.JavaElementSelections.resolveJavaElementFromEditor(JavaElementSelections.java:128) [org.eclipse.recommenders.rcp_2.1.0.v20140610-1852.jar:na]
	at org.eclipse.recommenders.internal.rcp.JavaElementSelections.resolveJavaElementFromEditor(JavaElementSelections.java:111) [org.eclipse.recommenders.rcp_2.1.0.v20140610-1852.jar:na]
	at org.eclipse.recommenders.internal.rcp.JavaElementSelectionService.handleSelectionInEditor(JavaElementSelectionService.java:108) [org.eclipse.recommenders.rcp_2.1.0.v20140610-1852.jar:na]
	at org.eclipse.recommenders.internal.rcp.JavaElementSelectionService.access$1(JavaElementSelectionService.java:105) [org.eclipse.recommenders.rcp_2.1.0.v20140610-1852.jar:na]
	at org.eclipse.recommenders.internal.rcp.JavaElementSelectionService$1.run(JavaElementSelectionService.java:82) [org.eclipse.recommenders.rcp_2.1.0.v20140610-1852.jar:na]
	at java.util.concurrent.Executors$RunnableAdapter.call(Unknown Source) [na:1.7.0_65]
	at java.util.concurrent.FutureTask.run(Unknown Source) [na:1.7.0_65]
	at java.util.concurrent.ScheduledThreadPoolExecutor$ScheduledFutureTask.access$201(Unknown Source) [na:1.7.0_65]
	at java.util.concurrent.ScheduledThreadPoolExecutor$ScheduledFutureTask.run(Unknown Source) [na:1.7.0_65]
	at java.util.concurrent.ThreadPoolExecutor.runWorker(Unknown Source) [na:1.7.0_65]
	at java.util.concurrent.ThreadPoolExecutor$Worker.run(Unknown Source) [na:1.7.0_65]
	at java.lang.Thread.run(Unknown Source) [na:1.7.0_65]
2014-09-25 08:53:13,151 [Recommenders-Timeout-Manager] ERROR o.e.r.i.rcp.JavaElementSelections - Failed to resolve selection in '=Proof Of Skills/src<Main{Object.java' at offset 0
org.eclipse.jdt.core.JavaModelException: Object.java [in Main [in src [in Proof Of Skills]]] does not exist
	at org.eclipse.jdt.internal.core.JavaElement.newJavaModelException(JavaElement.java:544) ~[org.eclipse.jdt.core_3.10.0.v20140604-1726.jar:na]
	at org.eclipse.jdt.internal.core.Openable.generateInfos(Openable.java:247) ~[org.eclipse.jdt.core_3.10.0.v20140604-1726.jar:na]
	at org.eclipse.jdt.internal.core.JavaElement.openWhenClosed(JavaElement.java:557) ~[org.eclipse.jdt.core_3.10.0.v20140604-1726.jar:na]
	at org.eclipse.jdt.internal.core.JavaElement.getElementInfo(JavaElement.java:294) ~[org.eclipse.jdt.core_3.10.0.v20140604-1726.jar:na]
	at org.eclipse.jdt.internal.core.JavaElement.getElementInfo(JavaElement.java:280) ~[org.eclipse.jdt.core_3.10.0.v20140604-1726.jar:na]
	at org.eclipse.jdt.internal.core.Openable.getBuffer(Openable.java:285) ~[org.eclipse.jdt.core_3.10.0.v20140604-1726.jar:na]
	at org.eclipse.jdt.internal.core.Openable.codeSelect(Openable.java:152) ~[org.eclipse.jdt.core_3.10.0.v20140604-1726.jar:na]
	at org.eclipse.jdt.internal.core.CompilationUnit.codeSelect(CompilationUnit.java:377) ~[org.eclipse.jdt.core_3.10.0.v20140604-1726.jar:na]
	at org.eclipse.jdt.internal.core.CompilationUnit.codeSelect(CompilationUnit.java:371) ~[org.eclipse.jdt.core_3.10.0.v20140604-1726.jar:na]
	at org.eclipse.recommenders.internal.rcp.JavaElementSelections.resolveJavaElementFromTypeRootInEditor(JavaElementSelections.java:146) [org.eclipse.recommenders.rcp_2.1.0.v20140610-1852.jar:na]
	at org.eclipse.recommenders.internal.rcp.JavaElementSelections.resolveJavaElementFromEditor(JavaElementSelections.java:128) [org.eclipse.recommenders.rcp_2.1.0.v20140610-1852.jar:na]
	at org.eclipse.recommenders.internal.rcp.JavaElementSelections.resolveJavaElementFromEditor(JavaElementSelections.java:111) [org.eclipse.recommenders.rcp_2.1.0.v20140610-1852.jar:na]
	at org.eclipse.recommenders.internal.rcp.JavaElementSelectionService.handleSelectionInEditor(JavaElementSelectionService.java:108) [org.eclipse.recommenders.rcp_2.1.0.v20140610-1852.jar:na]
	at org.eclipse.recommenders.internal.rcp.JavaElementSelectionService.access$1(JavaElementSelectionService.java:105) [org.eclipse.recommenders.rcp_2.1.0.v20140610-1852.jar:na]
	at org.eclipse.recommenders.internal.rcp.JavaElementSelectionService$1.run(JavaElementSelectionService.java:82) [org.eclipse.recommenders.rcp_2.1.0.v20140610-1852.jar:na]
	at java.util.concurrent.Executors$RunnableAdapter.call(Unknown Source) [na:1.7.0_65]
	at java.util.concurrent.FutureTask.run(Unknown Source) [na:1.7.0_65]
	at java.util.concurrent.ScheduledThreadPoolExecutor$ScheduledFutureTask.access$201(Unknown Source) [na:1.7.0_65]
	at java.util.concurrent.ScheduledThreadPoolExecutor$ScheduledFutureTask.run(Unknown Source) [na:1.7.0_65]
	at java.util.concurrent.ThreadPoolExecutor.runWorker(Unknown Source) [na:1.7.0_65]
	at java.util.concurrent.ThreadPoolExecutor$Worker.run(Unknown Source) [na:1.7.0_65]
	at java.lang.Thread.run(Unknown Source) [na:1.7.0_65]
2014-09-25 08:53:13,574 [Recommenders-Timeout-Manager] ERROR o.e.r.i.rcp.JavaElementSelections - Failed to resolve selection in '=Proof Of Skills/src<Main{Object.java' at offset 0
org.eclipse.jdt.core.JavaModelException: Object.java [in Main [in src [in Proof Of Skills]]] does not exist
	at org.eclipse.jdt.internal.core.JavaElement.newJavaModelException(JavaElement.java:544) ~[org.eclipse.jdt.core_3.10.0.v20140604-1726.jar:na]
	at org.eclipse.jdt.internal.core.Openable.generateInfos(Openable.java:247) ~[org.eclipse.jdt.core_3.10.0.v20140604-1726.jar:na]
	at org.eclipse.jdt.internal.core.JavaElement.openWhenClosed(JavaElement.java:557) ~[org.eclipse.jdt.core_3.10.0.v20140604-1726.jar:na]
	at org.eclipse.jdt.internal.core.JavaElement.getElementInfo(JavaElement.java:294) ~[org.eclipse.jdt.core_3.10.0.v20140604-1726.jar:na]
	at org.eclipse.jdt.internal.core.JavaElement.getElementInfo(JavaElement.java:280) ~[org.eclipse.jdt.core_3.10.0.v20140604-1726.jar:na]
	at org.eclipse.jdt.internal.core.Openable.getBuffer(Openable.java:285) ~[org.eclipse.jdt.core_3.10.0.v20140604-1726.jar:na]
	at org.eclipse.jdt.internal.core.Openable.codeSelect(Openable.java:152) ~[org.eclipse.jdt.core_3.10.0.v20140604-1726.jar:na]
	at org.eclipse.jdt.internal.core.CompilationUnit.codeSelect(CompilationUnit.java:377) ~[org.eclipse.jdt.core_3.10.0.v20140604-1726.jar:na]
	at org.eclipse.jdt.internal.core.CompilationUnit.codeSelect(CompilationUnit.java:371) ~[org.eclipse.jdt.core_3.10.0.v20140604-1726.jar:na]
	at org.eclipse.recommenders.internal.rcp.JavaElementSelections.resolveJavaElementFromTypeRootInEditor(JavaElementSelections.java:146) [org.eclipse.recommenders.rcp_2.1.0.v20140610-1852.jar:na]
	at org.eclipse.recommenders.internal.rcp.JavaElementSelections.resolveJavaElementFromEditor(JavaElementSelections.java:128) [org.eclipse.recommenders.rcp_2.1.0.v20140610-1852.jar:na]
	at org.eclipse.recommenders.internal.rcp.JavaElementSelections.resolveJavaElementFromEditor(JavaElementSelections.java:111) [org.eclipse.recommenders.rcp_2.1.0.v20140610-1852.jar:na]
	at org.eclipse.recommenders.internal.rcp.JavaElementSelectionService.handleSelectionInEditor(JavaElementSelectionService.java:108) [org.eclipse.recommenders.rcp_2.1.0.v20140610-1852.jar:na]
	at org.eclipse.recommenders.internal.rcp.JavaElementSelectionService.access$1(JavaElementSelectionService.java:105) [org.eclipse.recommenders.rcp_2.1.0.v20140610-1852.jar:na]
	at org.eclipse.recommenders.internal.rcp.JavaElementSelectionService$1.run(JavaElementSelectionService.java:82) [org.eclipse.recommenders.rcp_2.1.0.v20140610-1852.jar:na]
	at java.util.concurrent.Executors$RunnableAdapter.call(Unknown Source) [na:1.7.0_65]
	at java.util.concurrent.FutureTask.run(Unknown Source) [na:1.7.0_65]
	at java.util.concurrent.ScheduledThreadPoolExecutor$ScheduledFutureTask.access$201(Unknown Source) [na:1.7.0_65]
	at java.util.concurrent.ScheduledThreadPoolExecutor$ScheduledFutureTask.run(Unknown Source) [na:1.7.0_65]
	at java.util.concurrent.ThreadPoolExecutor.runWorker(Unknown Source) [na:1.7.0_65]
	at java.util.concurrent.ThreadPoolExecutor$Worker.run(Unknown Source) [na:1.7.0_65]
	at java.lang.Thread.run(Unknown Source) [na:1.7.0_65]
2014-09-25 08:56:22,880 [Recommenders-Timeout-Manager] ERROR o.e.r.i.rcp.JavaElementSelections - Failed to resolve selection in '=Proof Of Skills/src<Objects{Planet.java' at offset 248
org.eclipse.jdt.core.JavaModelException: Index out of bounds
	at org.eclipse.jdt.internal.core.Openable.codeSelect(Openable.java:158) ~[org.eclipse.jdt.core_3.10.0.v20140604-1726.jar:na]
	at org.eclipse.jdt.internal.core.CompilationUnit.codeSelect(CompilationUnit.java:377) ~[org.eclipse.jdt.core_3.10.0.v20140604-1726.jar:na]
	at org.eclipse.jdt.internal.core.CompilationUnit.codeSelect(CompilationUnit.java:371) ~[org.eclipse.jdt.core_3.10.0.v20140604-1726.jar:na]
	at org.eclipse.recommenders.internal.rcp.JavaElementSelections.resolveJavaElementFromTypeRootInEditor(JavaElementSelections.java:146) [org.eclipse.recommenders.rcp_2.1.0.v20140610-1852.jar:na]
	at org.eclipse.recommenders.internal.rcp.JavaElementSelections.resolveJavaElementFromEditor(JavaElementSelections.java:128) [org.eclipse.recommenders.rcp_2.1.0.v20140610-1852.jar:na]
	at org.eclipse.recommenders.internal.rcp.JavaElementSelections.resolveJavaElementFromEditor(JavaElementSelections.java:111) [org.eclipse.recommenders.rcp_2.1.0.v20140610-1852.jar:na]
	at org.eclipse.recommenders.internal.rcp.JavaElementSelectionService.handleSelectionInEditor(JavaElementSelectionService.java:108) [org.eclipse.recommenders.rcp_2.1.0.v20140610-1852.jar:na]
	at org.eclipse.recommenders.internal.rcp.JavaElementSelectionService.access$1(JavaElementSelectionService.java:105) [org.eclipse.recommenders.rcp_2.1.0.v20140610-1852.jar:na]
	at org.eclipse.recommenders.internal.rcp.JavaElementSelectionService$1.run(JavaElementSelectionService.java:82) [org.eclipse.recommenders.rcp_2.1.0.v20140610-1852.jar:na]
	at java.util.concurrent.Executors$RunnableAdapter.call(Unknown Source) [na:1.7.0_65]
	at java.util.concurrent.FutureTask.run(Unknown Source) [na:1.7.0_65]
	at java.util.concurrent.ScheduledThreadPoolExecutor$ScheduledFutureTask.access$201(Unknown Source) [na:1.7.0_65]
	at java.util.concurrent.ScheduledThreadPoolExecutor$ScheduledFutureTask.run(Unknown Source) [na:1.7.0_65]
	at java.util.concurrent.ThreadPoolExecutor.runWorker(Unknown Source) [na:1.7.0_65]
	at java.util.concurrent.ThreadPoolExecutor$Worker.run(Unknown Source) [na:1.7.0_65]
	at java.lang.Thread.run(Unknown Source) [na:1.7.0_65]
2014-10-27 00:20:19,670 [Recommenders-Timeout-Manager] ERROR o.e.r.i.rcp.JavaElementSelections - Failed to resolve selection in '=Evolve/src<Objects{Wall.java' at offset 426
org.eclipse.jdt.core.JavaModelException: Index out of bounds
	at org.eclipse.jdt.internal.core.Openable.codeSelect(Openable.java:158) ~[org.eclipse.jdt.core_3.10.0.v20140604-1726.jar:na]
	at org.eclipse.jdt.internal.core.CompilationUnit.codeSelect(CompilationUnit.java:377) ~[org.eclipse.jdt.core_3.10.0.v20140604-1726.jar:na]
	at org.eclipse.jdt.internal.core.CompilationUnit.codeSelect(CompilationUnit.java:371) ~[org.eclipse.jdt.core_3.10.0.v20140604-1726.jar:na]
	at org.eclipse.recommenders.internal.rcp.JavaElementSelections.resolveJavaElementFromTypeRootInEditor(JavaElementSelections.java:146) [org.eclipse.recommenders.rcp_2.1.0.v20140610-1852.jar:na]
	at org.eclipse.recommenders.internal.rcp.JavaElementSelections.resolveJavaElementFromEditor(JavaElementSelections.java:128) [org.eclipse.recommenders.rcp_2.1.0.v20140610-1852.jar:na]
	at org.eclipse.recommenders.internal.rcp.JavaElementSelections.resolveJavaElementFromEditor(JavaElementSelections.java:111) [org.eclipse.recommenders.rcp_2.1.0.v20140610-1852.jar:na]
	at org.eclipse.recommenders.internal.rcp.JavaElementSelectionService.handleSelectionInEditor(JavaElementSelectionService.java:108) [org.eclipse.recommenders.rcp_2.1.0.v20140610-1852.jar:na]
	at org.eclipse.recommenders.internal.rcp.JavaElementSelectionService.access$1(JavaElementSelectionService.java:105) [org.eclipse.recommenders.rcp_2.1.0.v20140610-1852.jar:na]
	at org.eclipse.recommenders.internal.rcp.JavaElementSelectionService$1.run(JavaElementSelectionService.java:82) [org.eclipse.recommenders.rcp_2.1.0.v20140610-1852.jar:na]
	at java.util.concurrent.Executors$RunnableAdapter.call(Unknown Source) [na:1.7.0_65]
	at java.util.concurrent.FutureTask.run(Unknown Source) [na:1.7.0_65]
	at java.util.concurrent.ScheduledThreadPoolExecutor$ScheduledFutureTask.access$201(Unknown Source) [na:1.7.0_65]
	at java.util.concurrent.ScheduledThreadPoolExecutor$ScheduledFutureTask.run(Unknown Source) [na:1.7.0_65]
	at java.util.concurrent.ThreadPoolExecutor.runWorker(Unknown Source) [na:1.7.0_65]
	at java.util.concurrent.ThreadPoolExecutor$Worker.run(Unknown Source) [na:1.7.0_65]
	at java.lang.Thread.run(Unknown Source) [na:1.7.0_65]
2014-11-06 08:23:03,423 [Recommenders-Timeout-Manager] ERROR o.e.r.i.rcp.JavaElementSelections - Failed to resolve selection in '=Astroids/src<Objects{Player.java' at offset 465
org.eclipse.jdt.core.JavaModelException: Index out of bounds
	at org.eclipse.jdt.internal.core.Openable.codeSelect(Openable.java:158) ~[org.eclipse.jdt.core_3.10.0.v20140604-1726.jar:na]
	at org.eclipse.jdt.internal.core.CompilationUnit.codeSelect(CompilationUnit.java:377) ~[org.eclipse.jdt.core_3.10.0.v20140604-1726.jar:na]
	at org.eclipse.jdt.internal.core.CompilationUnit.codeSelect(CompilationUnit.java:371) ~[org.eclipse.jdt.core_3.10.0.v20140604-1726.jar:na]
	at org.eclipse.recommenders.internal.rcp.JavaElementSelections.resolveJavaElementFromTypeRootInEditor(JavaElementSelections.java:146) [org.eclipse.recommenders.rcp_2.1.0.v20140610-1852.jar:na]
	at org.eclipse.recommenders.internal.rcp.JavaElementSelections.resolveJavaElementFromEditor(JavaElementSelections.java:128) [org.eclipse.recommenders.rcp_2.1.0.v20140610-1852.jar:na]
	at org.eclipse.recommenders.internal.rcp.JavaElementSelections.resolveJavaElementFromEditor(JavaElementSelections.java:111) [org.eclipse.recommenders.rcp_2.1.0.v20140610-1852.jar:na]
	at org.eclipse.recommenders.internal.rcp.JavaElementSelectionService.handleSelectionInEditor(JavaElementSelectionService.java:108) [org.eclipse.recommenders.rcp_2.1.0.v20140610-1852.jar:na]
	at org.eclipse.recommenders.internal.rcp.JavaElementSelectionService.access$1(JavaElementSelectionService.java:105) [org.eclipse.recommenders.rcp_2.1.0.v20140610-1852.jar:na]
	at org.eclipse.recommenders.internal.rcp.JavaElementSelectionService$1.run(JavaElementSelectionService.java:82) [org.eclipse.recommenders.rcp_2.1.0.v20140610-1852.jar:na]
	at java.util.concurrent.Executors$RunnableAdapter.call(Unknown Source) [na:1.7.0_65]
	at java.util.concurrent.FutureTask.run(Unknown Source) [na:1.7.0_65]
	at java.util.concurrent.ScheduledThreadPoolExecutor$ScheduledFutureTask.access$201(Unknown Source) [na:1.7.0_65]
	at java.util.concurrent.ScheduledThreadPoolExecutor$ScheduledFutureTask.run(Unknown Source) [na:1.7.0_65]
	at java.util.concurrent.ThreadPoolExecutor.runWorker(Unknown Source) [na:1.7.0_65]
	at java.util.concurrent.ThreadPoolExecutor$Worker.run(Unknown Source) [na:1.7.0_65]
	at java.lang.Thread.run(Unknown Source) [na:1.7.0_65]
2014-11-08 15:41:11,362 [Recommenders-Timeout-Manager] ERROR o.e.r.i.rcp.JavaElementSelections - Failed to resolve selection in '=Code-Day/src<Objects{GeneralDan.java' at offset 471
org.eclipse.jdt.core.JavaModelException: Index out of bounds
	at org.eclipse.jdt.internal.core.Openable.codeSelect(Openable.java:158) ~[org.eclipse.jdt.core_3.10.0.v20140604-1726.jar:na]
	at org.eclipse.jdt.internal.core.CompilationUnit.codeSelect(CompilationUnit.java:377) ~[org.eclipse.jdt.core_3.10.0.v20140604-1726.jar:na]
	at org.eclipse.jdt.internal.core.CompilationUnit.codeSelect(CompilationUnit.java:371) ~[org.eclipse.jdt.core_3.10.0.v20140604-1726.jar:na]
	at org.eclipse.recommenders.internal.rcp.JavaElementSelections.resolveJavaElementFromTypeRootInEditor(JavaElementSelections.java:146) [org.eclipse.recommenders.rcp_2.1.0.v20140610-1852.jar:na]
	at org.eclipse.recommenders.internal.rcp.JavaElementSelections.resolveJavaElementFromEditor(JavaElementSelections.java:128) [org.eclipse.recommenders.rcp_2.1.0.v20140610-1852.jar:na]
	at org.eclipse.recommenders.internal.rcp.JavaElementSelections.resolveJavaElementFromEditor(JavaElementSelections.java:111) [org.eclipse.recommenders.rcp_2.1.0.v20140610-1852.jar:na]
	at org.eclipse.recommenders.internal.rcp.JavaElementSelectionService.handleSelectionInEditor(JavaElementSelectionService.java:108) [org.eclipse.recommenders.rcp_2.1.0.v20140610-1852.jar:na]
	at org.eclipse.recommenders.internal.rcp.JavaElementSelectionService.access$1(JavaElementSelectionService.java:105) [org.eclipse.recommenders.rcp_2.1.0.v20140610-1852.jar:na]
	at org.eclipse.recommenders.internal.rcp.JavaElementSelectionService$1.run(JavaElementSelectionService.java:82) [org.eclipse.recommenders.rcp_2.1.0.v20140610-1852.jar:na]
	at java.util.concurrent.Executors$RunnableAdapter.call(Unknown Source) [na:1.7.0_65]
	at java.util.concurrent.FutureTask.run(Unknown Source) [na:1.7.0_65]
	at java.util.concurrent.ScheduledThreadPoolExecutor$ScheduledFutureTask.access$201(Unknown Source) [na:1.7.0_65]
	at java.util.concurrent.ScheduledThreadPoolExecutor$ScheduledFutureTask.run(Unknown Source) [na:1.7.0_65]
	at java.util.concurrent.ThreadPoolExecutor.runWorker(Unknown Source) [na:1.7.0_65]
	at java.util.concurrent.ThreadPoolExecutor$Worker.run(Unknown Source) [na:1.7.0_65]
	at java.lang.Thread.run(Unknown Source) [na:1.7.0_65]
2014-11-08 23:55:43,504 [Recommenders-Timeout-Manager] ERROR o.e.r.i.rcp.JavaElementSelections - Failed to resolve selection in '=Code-Day/src<Objects{Player.java' at offset 1300
org.eclipse.jdt.core.JavaModelException: Index out of bounds
	at org.eclipse.jdt.internal.core.Openable.codeSelect(Openable.java:158) ~[org.eclipse.jdt.core_3.10.0.v20140604-1726.jar:na]
	at org.eclipse.jdt.internal.core.CompilationUnit.codeSelect(CompilationUnit.java:377) ~[org.eclipse.jdt.core_3.10.0.v20140604-1726.jar:na]
	at org.eclipse.jdt.internal.core.CompilationUnit.codeSelect(CompilationUnit.java:371) ~[org.eclipse.jdt.core_3.10.0.v20140604-1726.jar:na]
	at org.eclipse.recommenders.internal.rcp.JavaElementSelections.resolveJavaElementFromTypeRootInEditor(JavaElementSelections.java:146) [org.eclipse.recommenders.rcp_2.1.0.v20140610-1852.jar:na]
	at org.eclipse.recommenders.internal.rcp.JavaElementSelections.resolveJavaElementFromEditor(JavaElementSelections.java:128) [org.eclipse.recommenders.rcp_2.1.0.v20140610-1852.jar:na]
	at org.eclipse.recommenders.internal.rcp.JavaElementSelections.resolveJavaElementFromEditor(JavaElementSelections.java:111) [org.eclipse.recommenders.rcp_2.1.0.v20140610-1852.jar:na]
	at org.eclipse.recommenders.internal.rcp.JavaElementSelectionService.handleSelectionInEditor(JavaElementSelectionService.java:108) [org.eclipse.recommenders.rcp_2.1.0.v20140610-1852.jar:na]
	at org.eclipse.recommenders.internal.rcp.JavaElementSelectionService.access$1(JavaElementSelectionService.java:105) [org.eclipse.recommenders.rcp_2.1.0.v20140610-1852.jar:na]
	at org.eclipse.recommenders.internal.rcp.JavaElementSelectionService$1.run(JavaElementSelectionService.java:82) [org.eclipse.recommenders.rcp_2.1.0.v20140610-1852.jar:na]
	at java.util.concurrent.Executors$RunnableAdapter.call(Unknown Source) [na:1.7.0_65]
	at java.util.concurrent.FutureTask.run(Unknown Source) [na:1.7.0_65]
	at java.util.concurrent.ScheduledThreadPoolExecutor$ScheduledFutureTask.access$201(Unknown Source) [na:1.7.0_65]
	at java.util.concurrent.ScheduledThreadPoolExecutor$ScheduledFutureTask.run(Unknown Source) [na:1.7.0_65]
	at java.util.concurrent.ThreadPoolExecutor.runWorker(Unknown Source) [na:1.7.0_65]
	at java.util.concurrent.ThreadPoolExecutor$Worker.run(Unknown Source) [na:1.7.0_65]
	at java.lang.Thread.run(Unknown Source) [na:1.7.0_65]
2014-11-09 04:45:38,224 [Recommenders-Timeout-Manager] ERROR o.e.r.i.rcp.JavaElementSelections - Failed to resolve selection in '=Code-Day/src<Objects{Alien.java' at offset 463
org.eclipse.jdt.core.JavaModelException: Index out of bounds
	at org.eclipse.jdt.internal.core.Openable.codeSelect(Openable.java:158) ~[org.eclipse.jdt.core_3.10.0.v20140604-1726.jar:na]
	at org.eclipse.jdt.internal.core.CompilationUnit.codeSelect(CompilationUnit.java:377) ~[org.eclipse.jdt.core_3.10.0.v20140604-1726.jar:na]
	at org.eclipse.jdt.internal.core.CompilationUnit.codeSelect(CompilationUnit.java:371) ~[org.eclipse.jdt.core_3.10.0.v20140604-1726.jar:na]
	at org.eclipse.recommenders.internal.rcp.JavaElementSelections.resolveJavaElementFromTypeRootInEditor(JavaElementSelections.java:146) [org.eclipse.recommenders.rcp_2.1.0.v20140610-1852.jar:na]
	at org.eclipse.recommenders.internal.rcp.JavaElementSelections.resolveJavaElementFromEditor(JavaElementSelections.java:128) [org.eclipse.recommenders.rcp_2.1.0.v20140610-1852.jar:na]
	at org.eclipse.recommenders.internal.rcp.JavaElementSelections.resolveJavaElementFromEditor(JavaElementSelections.java:111) [org.eclipse.recommenders.rcp_2.1.0.v20140610-1852.jar:na]
	at org.eclipse.recommenders.internal.rcp.JavaElementSelectionService.handleSelectionInEditor(JavaElementSelectionService.java:108) [org.eclipse.recommenders.rcp_2.1.0.v20140610-1852.jar:na]
	at org.eclipse.recommenders.internal.rcp.JavaElementSelectionService.access$1(JavaElementSelectionService.java:105) [org.eclipse.recommenders.rcp_2.1.0.v20140610-1852.jar:na]
	at org.eclipse.recommenders.internal.rcp.JavaElementSelectionService$1.run(JavaElementSelectionService.java:82) [org.eclipse.recommenders.rcp_2.1.0.v20140610-1852.jar:na]
	at java.util.concurrent.Executors$RunnableAdapter.call(Unknown Source) [na:1.7.0_65]
	at java.util.concurrent.FutureTask.run(Unknown Source) [na:1.7.0_65]
	at java.util.concurrent.ScheduledThreadPoolExecutor$ScheduledFutureTask.access$201(Unknown Source) [na:1.7.0_65]
	at java.util.concurrent.ScheduledThreadPoolExecutor$ScheduledFutureTask.run(Unknown Source) [na:1.7.0_65]
	at java.util.concurrent.ThreadPoolExecutor.runWorker(Unknown Source) [na:1.7.0_65]
	at java.util.concurrent.ThreadPoolExecutor$Worker.run(Unknown Source) [na:1.7.0_65]
	at java.lang.Thread.run(Unknown Source) [na:1.7.0_65]
2014-12-16 21:08:32,351 [Recommenders-Timeout-Manager] ERROR o.e.r.i.rcp.JavaElementSelections - Failed to resolve selection in '=The Runner/src<Objects{Transporter.java' at offset 475
org.eclipse.jdt.core.JavaModelException: Index out of bounds
	at org.eclipse.jdt.internal.core.Openable.codeSelect(Openable.java:158) ~[org.eclipse.jdt.core_3.10.0.v20140604-1726.jar:na]
	at org.eclipse.jdt.internal.core.CompilationUnit.codeSelect(CompilationUnit.java:377) ~[org.eclipse.jdt.core_3.10.0.v20140604-1726.jar:na]
	at org.eclipse.jdt.internal.core.CompilationUnit.codeSelect(CompilationUnit.java:371) ~[org.eclipse.jdt.core_3.10.0.v20140604-1726.jar:na]
	at org.eclipse.recommenders.internal.rcp.JavaElementSelections.resolveJavaElementFromTypeRootInEditor(JavaElementSelections.java:146) [org.eclipse.recommenders.rcp_2.1.0.v20140610-1852.jar:na]
	at org.eclipse.recommenders.internal.rcp.JavaElementSelections.resolveJavaElementFromEditor(JavaElementSelections.java:128) [org.eclipse.recommenders.rcp_2.1.0.v20140610-1852.jar:na]
	at org.eclipse.recommenders.internal.rcp.JavaElementSelections.resolveJavaElementFromEditor(JavaElementSelections.java:111) [org.eclipse.recommenders.rcp_2.1.0.v20140610-1852.jar:na]
	at org.eclipse.recommenders.internal.rcp.JavaElementSelectionService.handleSelectionInEditor(JavaElementSelectionService.java:108) [org.eclipse.recommenders.rcp_2.1.0.v20140610-1852.jar:na]
	at org.eclipse.recommenders.internal.rcp.JavaElementSelectionService.access$1(JavaElementSelectionService.java:105) [org.eclipse.recommenders.rcp_2.1.0.v20140610-1852.jar:na]
	at org.eclipse.recommenders.internal.rcp.JavaElementSelectionService$1.run(JavaElementSelectionService.java:82) [org.eclipse.recommenders.rcp_2.1.0.v20140610-1852.jar:na]
	at java.util.concurrent.Executors$RunnableAdapter.call(Unknown Source) [na:1.7.0_65]
	at java.util.concurrent.FutureTask.run(Unknown Source) [na:1.7.0_65]
	at java.util.concurrent.ScheduledThreadPoolExecutor$ScheduledFutureTask.access$201(Unknown Source) [na:1.7.0_65]
	at java.util.concurrent.ScheduledThreadPoolExecutor$ScheduledFutureTask.run(Unknown Source) [na:1.7.0_65]
	at java.util.concurrent.ThreadPoolExecutor.runWorker(Unknown Source) [na:1.7.0_65]
	at java.util.concurrent.ThreadPoolExecutor$Worker.run(Unknown Source) [na:1.7.0_65]
	at java.lang.Thread.run(Unknown Source) [na:1.7.0_65]
2014-12-31 07:35:10,094 [Recommenders-Timeout-Manager] ERROR o.e.r.i.rcp.JavaElementSelections - Failed to resolve selection in '=Tutorial \(Advanced)/src<Graphics{SpriteSheet.java' at offset 128
org.eclipse.jdt.core.JavaModelException: Index out of bounds
	at org.eclipse.jdt.internal.core.Openable.codeSelect(Openable.java:158) ~[org.eclipse.jdt.core_3.10.0.v20140604-1726.jar:na]
	at org.eclipse.jdt.internal.core.CompilationUnit.codeSelect(CompilationUnit.java:377) ~[org.eclipse.jdt.core_3.10.0.v20140604-1726.jar:na]
	at org.eclipse.jdt.internal.core.CompilationUnit.codeSelect(CompilationUnit.java:371) ~[org.eclipse.jdt.core_3.10.0.v20140604-1726.jar:na]
	at org.eclipse.recommenders.internal.rcp.JavaElementSelections.resolveJavaElementFromTypeRootInEditor(JavaElementSelections.java:146) [org.eclipse.recommenders.rcp_2.1.0.v20140610-1852.jar:na]
	at org.eclipse.recommenders.internal.rcp.JavaElementSelections.resolveJavaElementFromEditor(JavaElementSelections.java:128) [org.eclipse.recommenders.rcp_2.1.0.v20140610-1852.jar:na]
	at org.eclipse.recommenders.internal.rcp.JavaElementSelections.resolveJavaElementFromEditor(JavaElementSelections.java:111) [org.eclipse.recommenders.rcp_2.1.0.v20140610-1852.jar:na]
	at org.eclipse.recommenders.internal.rcp.JavaElementSelectionService.handleSelectionInEditor(JavaElementSelectionService.java:108) [org.eclipse.recommenders.rcp_2.1.0.v20140610-1852.jar:na]
	at org.eclipse.recommenders.internal.rcp.JavaElementSelectionService.access$1(JavaElementSelectionService.java:105) [org.eclipse.recommenders.rcp_2.1.0.v20140610-1852.jar:na]
	at org.eclipse.recommenders.internal.rcp.JavaElementSelectionService$1.run(JavaElementSelectionService.java:82) [org.eclipse.recommenders.rcp_2.1.0.v20140610-1852.jar:na]
	at java.util.concurrent.Executors$RunnableAdapter.call(Unknown Source) [na:1.7.0_65]
	at java.util.concurrent.FutureTask.run(Unknown Source) [na:1.7.0_65]
	at java.util.concurrent.ScheduledThreadPoolExecutor$ScheduledFutureTask.access$201(Unknown Source) [na:1.7.0_65]
	at java.util.concurrent.ScheduledThreadPoolExecutor$ScheduledFutureTask.run(Unknown Source) [na:1.7.0_65]
	at java.util.concurrent.ThreadPoolExecutor.runWorker(Unknown Source) [na:1.7.0_65]
	at java.util.concurrent.ThreadPoolExecutor$Worker.run(Unknown Source) [na:1.7.0_65]
	at java.lang.Thread.run(Unknown Source) [na:1.7.0_65]
2015-01-14 09:54:12,777 [Recommenders-Timeout-Manager] ERROR o.e.r.i.rcp.JavaElementSelections - Failed to resolve selection in '=The Runner/src<Objects{TheEye.java' at offset 465
org.eclipse.jdt.core.JavaModelException: Index out of bounds
	at org.eclipse.jdt.internal.core.Openable.codeSelect(Openable.java:158) ~[org.eclipse.jdt.core_3.10.0.v20140604-1726.jar:na]
	at org.eclipse.jdt.internal.core.CompilationUnit.codeSelect(CompilationUnit.java:377) ~[org.eclipse.jdt.core_3.10.0.v20140604-1726.jar:na]
	at org.eclipse.jdt.internal.core.CompilationUnit.codeSelect(CompilationUnit.java:371) ~[org.eclipse.jdt.core_3.10.0.v20140604-1726.jar:na]
	at org.eclipse.recommenders.internal.rcp.JavaElementSelections.resolveJavaElementFromTypeRootInEditor(JavaElementSelections.java:146) [org.eclipse.recommenders.rcp_2.1.0.v20140610-1852.jar:na]
	at org.eclipse.recommenders.internal.rcp.JavaElementSelections.resolveJavaElementFromEditor(JavaElementSelections.java:128) [org.eclipse.recommenders.rcp_2.1.0.v20140610-1852.jar:na]
	at org.eclipse.recommenders.internal.rcp.JavaElementSelections.resolveJavaElementFromEditor(JavaElementSelections.java:111) [org.eclipse.recommenders.rcp_2.1.0.v20140610-1852.jar:na]
	at org.eclipse.recommenders.internal.rcp.JavaElementSelectionService.handleSelectionInEditor(JavaElementSelectionService.java:108) [org.eclipse.recommenders.rcp_2.1.0.v20140610-1852.jar:na]
	at org.eclipse.recommenders.internal.rcp.JavaElementSelectionService.access$1(JavaElementSelectionService.java:105) [org.eclipse.recommenders.rcp_2.1.0.v20140610-1852.jar:na]
	at org.eclipse.recommenders.internal.rcp.JavaElementSelectionService$1.run(JavaElementSelectionService.java:82) [org.eclipse.recommenders.rcp_2.1.0.v20140610-1852.jar:na]
	at java.util.concurrent.Executors$RunnableAdapter.call(Unknown Source) [na:1.7.0_65]
	at java.util.concurrent.FutureTask.run(Unknown Source) [na:1.7.0_65]
	at java.util.concurrent.ScheduledThreadPoolExecutor$ScheduledFutureTask.access$201(Unknown Source) [na:1.7.0_65]
	at java.util.concurrent.ScheduledThreadPoolExecutor$ScheduledFutureTask.run(Unknown Source) [na:1.7.0_65]
	at java.util.concurrent.ThreadPoolExecutor.runWorker(Unknown Source) [na:1.7.0_65]
	at java.util.concurrent.ThreadPoolExecutor$Worker.run(Unknown Source) [na:1.7.0_65]
	at java.lang.Thread.run(Unknown Source) [na:1.7.0_65]
2015-02-17 21:20:02,105 [Recommenders-Timeout-Manager] ERROR o.e.r.i.rcp.JavaElementSelections - Failed to resolve selection in '=TSA/src<Main{Story.java' at offset 112
org.eclipse.jdt.core.JavaModelException: Index out of bounds
	at org.eclipse.jdt.internal.core.Openable.codeSelect(Openable.java:158) ~[org.eclipse.jdt.core_3.10.0.v20140604-1726.jar:na]
	at org.eclipse.jdt.internal.core.CompilationUnit.codeSelect(CompilationUnit.java:377) ~[org.eclipse.jdt.core_3.10.0.v20140604-1726.jar:na]
	at org.eclipse.jdt.internal.core.CompilationUnit.codeSelect(CompilationUnit.java:371) ~[org.eclipse.jdt.core_3.10.0.v20140604-1726.jar:na]
	at org.eclipse.recommenders.internal.rcp.JavaElementSelections.resolveJavaElementFromTypeRootInEditor(JavaElementSelections.java:146) [org.eclipse.recommenders.rcp_2.1.0.v20140610-1852.jar:na]
	at org.eclipse.recommenders.internal.rcp.JavaElementSelections.resolveJavaElementFromEditor(JavaElementSelections.java:128) [org.eclipse.recommenders.rcp_2.1.0.v20140610-1852.jar:na]
	at org.eclipse.recommenders.internal.rcp.JavaElementSelections.resolveJavaElementFromEditor(JavaElementSelections.java:111) [org.eclipse.recommenders.rcp_2.1.0.v20140610-1852.jar:na]
	at org.eclipse.recommenders.internal.rcp.JavaElementSelectionService.handleSelectionInEditor(JavaElementSelectionService.java:108) [org.eclipse.recommenders.rcp_2.1.0.v20140610-1852.jar:na]
	at org.eclipse.recommenders.internal.rcp.JavaElementSelectionService.access$1(JavaElementSelectionService.java:105) [org.eclipse.recommenders.rcp_2.1.0.v20140610-1852.jar:na]
	at org.eclipse.recommenders.internal.rcp.JavaElementSelectionService$1.run(JavaElementSelectionService.java:82) [org.eclipse.recommenders.rcp_2.1.0.v20140610-1852.jar:na]
	at java.util.concurrent.Executors$RunnableAdapter.call(Unknown Source) [na:1.7.0_65]
	at java.util.concurrent.FutureTask.run(Unknown Source) [na:1.7.0_65]
	at java.util.concurrent.ScheduledThreadPoolExecutor$ScheduledFutureTask.access$201(Unknown Source) [na:1.7.0_65]
	at java.util.concurrent.ScheduledThreadPoolExecutor$ScheduledFutureTask.run(Unknown Source) [na:1.7.0_65]
	at java.util.concurrent.ThreadPoolExecutor.runWorker(Unknown Source) [na:1.7.0_65]
	at java.util.concurrent.ThreadPoolExecutor$Worker.run(Unknown Source) [na:1.7.0_65]
	at java.lang.Thread.run(Unknown Source) [na:1.7.0_65]
2015-02-20 11:53:37,575 [Recommenders-Timeout-Manager] ERROR o.e.r.i.rcp.JavaElementSelections - Failed to resolve selection in '=Nerow/src<Object{Button.java' at offset 436
org.eclipse.jdt.core.JavaModelException: Index out of bounds
	at org.eclipse.jdt.internal.core.Openable.codeSelect(Openable.java:158) ~[org.eclipse.jdt.core_3.10.0.v20140604-1726.jar:na]
	at org.eclipse.jdt.internal.core.CompilationUnit.codeSelect(CompilationUnit.java:377) ~[org.eclipse.jdt.core_3.10.0.v20140604-1726.jar:na]
	at org.eclipse.jdt.internal.core.CompilationUnit.codeSelect(CompilationUnit.java:371) ~[org.eclipse.jdt.core_3.10.0.v20140604-1726.jar:na]
	at org.eclipse.recommenders.internal.rcp.JavaElementSelections.resolveJavaElementFromTypeRootInEditor(JavaElementSelections.java:146) [org.eclipse.recommenders.rcp_2.1.0.v20140610-1852.jar:na]
	at org.eclipse.recommenders.internal.rcp.JavaElementSelections.resolveJavaElementFromEditor(JavaElementSelections.java:128) [org.eclipse.recommenders.rcp_2.1.0.v20140610-1852.jar:na]
	at org.eclipse.recommenders.internal.rcp.JavaElementSelections.resolveJavaElementFromEditor(JavaElementSelections.java:111) [org.eclipse.recommenders.rcp_2.1.0.v20140610-1852.jar:na]
	at org.eclipse.recommenders.internal.rcp.JavaElementSelectionService.handleSelectionInEditor(JavaElementSelectionService.java:108) [org.eclipse.recommenders.rcp_2.1.0.v20140610-1852.jar:na]
	at org.eclipse.recommenders.internal.rcp.JavaElementSelectionService.access$1(JavaElementSelectionService.java:105) [org.eclipse.recommenders.rcp_2.1.0.v20140610-1852.jar:na]
	at org.eclipse.recommenders.internal.rcp.JavaElementSelectionService$1.run(JavaElementSelectionService.java:82) [org.eclipse.recommenders.rcp_2.1.0.v20140610-1852.jar:na]
	at java.util.concurrent.Executors$RunnableAdapter.call(Unknown Source) [na:1.7.0_65]
	at java.util.concurrent.FutureTask.run(Unknown Source) [na:1.7.0_65]
	at java.util.concurrent.ScheduledThreadPoolExecutor$ScheduledFutureTask.access$201(Unknown Source) [na:1.7.0_65]
	at java.util.concurrent.ScheduledThreadPoolExecutor$ScheduledFutureTask.run(Unknown Source) [na:1.7.0_65]
	at java.util.concurrent.ThreadPoolExecutor.runWorker(Unknown Source) [na:1.7.0_65]
	at java.util.concurrent.ThreadPoolExecutor$Worker.run(Unknown Source) [na:1.7.0_65]
	at java.lang.Thread.run(Unknown Source) [na:1.7.0_65]
2015-03-04 08:04:01,803 [main] WARN  o.e.r.i.c.rcp.TypeBindingAnalyzer - Can't handle class org.eclipse.jdt.internal.compiler.ast.IfStatement as parent of completion location.
2015-03-04 08:04:02,267 [main] WARN  o.e.r.i.c.rcp.TypeBindingAnalyzer - Can't handle class org.eclipse.jdt.internal.compiler.ast.IfStatement as parent of completion location.
2015-03-04 08:04:02,630 [main] WARN  o.e.r.i.c.rcp.TypeBindingAnalyzer - Can't handle class org.eclipse.jdt.internal.compiler.ast.IfStatement as parent of completion location.
2015-03-04 08:04:04,147 [main] WARN  o.e.r.i.c.rcp.TypeBindingAnalyzer - Can't handle class org.eclipse.jdt.internal.compiler.ast.UnaryExpression as parent of completion location.
2015-10-08 13:27:17,063 [main] INFO  c.g.t.t.d.PublishedGradleVersions - Gradle version information cache file is out-of-date. Remote download required.
2015-10-09 12:42:45,907 [main] INFO  c.g.t.t.d.PublishedGradleVersions - Gradle version information cache file is not out-of-date. No remote download required.
2015-11-09 20:01:38,019 [main] INFO  c.g.t.t.d.PublishedGradleVersions - Gradle version information cache file is out-of-date. Remote download required.
2015-11-12 07:25:08,853 [main] INFO  c.g.t.t.d.PublishedGradleVersions - Gradle version information cache file is out-of-date. Remote download required.
2015-11-13 08:05:48,257 [main] INFO  c.g.t.t.d.PublishedGradleVersions - Gradle version information cache file is out-of-date. Remote download required.
2015-11-16 08:51:55,540 [main] INFO  c.g.t.t.d.PublishedGradleVersions - Gradle version information cache file is out-of-date. Remote download required.
2015-11-18 11:03:12,205 [main] INFO  c.g.t.t.d.PublishedGradleVersions - Gradle version information cache file is out-of-date. Remote download required.
